<?xml version="1.0" encoding="UTF-8"?>
<testng-results ignored="0" total="1" passed="1" failed="0" skipped="0">
  <reporter-output>
  </reporter-output>
  <suite started-at="2025-10-28T20:59:59 IST" name="Suite" finished-at="2025-10-28T21:00:05 IST" duration-ms="5981">
    <groups>
    </groups>
    <test started-at="2025-10-28T20:59:59 IST" name="Test" finished-at="2025-10-28T21:00:05 IST" duration-ms="5981">
      <class name="Opencart.cartt.OpenCartStandAloneTest">
        <test-method signature="standAlonetest()[pri:0, instance:Opencart.cartt.OpenCartStandAloneTest@4d5d943d]" started-at="2025-10-28T20:59:59 IST" name="standAlonetest" finished-at="2025-10-28T21:00:05 IST" duration-ms="5954" status="PASS">
          <reporter-output>
          </reporter-output>
        </test-method> <!-- standAlonetest -->
      </class> <!-- Opencart.cartt.OpenCartStandAloneTest -->
    </test> <!-- Test -->
  </suite> <!-- Suite -->
</testng-results>
